Base path: C:/Program Files/Unity/Editor/Data
Pipe name: \\.\pipe\UnityShaderCompiler-64bit-1-7704
Cmd: getPlatforms
Cmd: compileSnippet
  api=4 type=0 insize=1509 outsize=1591 kw= ok=1
Cmd: compileSnippet
  api=4 type=1 insize=1509 outsize=1493 kw= ok=1
Cmd: compileSnippet
  api=4 type=0 insize=1071 outsize=1290 kw= ok=1
Cmd: compileSnippet
  api=4 type=1 insize=1071 outsize=965 kw= ok=1
Cmd: compileSnippet
  api=4 type=0 insize=990 outsize=1087 kw= ok=1
Cmd: compileSnippet
  api=4 type=1 insize=990 outsize=713 kw= ok=1
Cmd: compileSnippet
  api=4 type=0 insize=959 outsize=1087 kw= ok=1
Cmd: compileSnippet
  api=4 type=1 insize=959 outsize=616 kw= ok=1
Cmd: compileSnippet
  api=4 type=0 insize=959 outsize=1404 kw=FOG_EXP2 ok=1
Cmd: compileSnippet
  api=4 type=1 insize=959 outsize=973 kw=FOG_EXP2 ok=1
